<?xml version="1.0" encoding="UTF-8"?>
<testng-results total="1" passed="1" failed="0" skipped="0">
  <reporter-output>
  </reporter-output>
  <suite started-at="2018-11-28T10:27:14Z" name="Default suite" finished-at="2018-11-28T10:27:25Z" duration-ms="10641">
    <groups>
    </groups>
    <test started-at="2018-11-28T10:27:14Z" name="Default test" finished-at="2018-11-28T10:27:25Z" duration-ms="10641">
      <class name="testCases.DataDriventest">
        <test-method is-config="true" signature="initialisation()[pri:0, instance:testCases.DataDriventest@37271612]" started-at="2018-11-28T15:57:14Z" name="initialisation" finished-at="2018-11-28T15:57:25Z" duration-ms="10591" status="PASS">
          <reporter-output>
          </reporter-output>
        </test-method> <!-- initialisation -->
        <test-method signature="fblogin()[pri:0, instance:testCases.DataDriventest@37271612]" started-at="2018-11-28T15:57:25Z" name="fblogin" finished-at="2018-11-28T15:57:25Z" duration-ms="15" status="PASS">
          <reporter-output>
          </reporter-output>
        </test-method> <!-- fblogin -->
      </class> <!-- testCases.DataDriventest -->
    </test> <!-- Default test -->
  </suite> <!-- Default suite -->
</testng-results>
